

================================================================
== Vivado HLS Report for 'scaled_fixed2ieee'
================================================================
* Date:           Mon Aug 24 15:16:52 2020

* Version:        2018.3 (Build 2405991 on Thu Dec 06 23:56:15 MST 2018)
* Project:        senoHLS
* Solution:       solution1
* Product family: aartix7
* Target device:  xa7a12tcsg325-1q


================================================================
== Performance Estimates
================================================================
+ Timing (ns): 
    * Summary: 
    +--------+-------+----------+------------+
    |  Clock | Target| Estimated| Uncertainty|
    +--------+-------+----------+------------+
    |ap_clk  |  10.00|     7.133|        1.25|
    +--------+-------+----------+------------+

+ Latency (clock cycles): 
    * Summary: 
    +-----+-----+-----+-----+---------+
    |  Latency  |  Interval | Pipeline|
    | min | max | min | max |   Type  |
    +-----+-----+-----+-----+---------+
    |    7|   11|    7|   11|   none  |
    +-----+-----+-----+-----+---------+

    + Detail: 
        * Instance: 
        N/A

        * Loop: 
        +----------+-----+-----+----------+-----------+-----------+-------+----------+
        |          |  Latency  | Iteration|  Initiation Interval  |  Trip |          |
        | Loop Name| min | max |  Latency |  achieved |   target  | Count | Pipelined|
        +----------+-----+-----+----------+-----------+-----------+-------+----------+
        |- Loop 1  |    2|    2|         1|          -|          -|      2|    no    |
        |- Loop 2  |    2|    5|         2|          -|          -| 1 ~ 2 |    no    |
        +----------+-----+-----+----------+-----------+-----------+-------+----------+



================================================================
== Utilization Estimates
================================================================
* Summary: 
+-----------------+---------+-------+-------+------+
|       Name      | BRAM_18K| DSP48E|   FF  |  LUT |
+-----------------+---------+-------+-------+------+
|DSP              |        -|      -|      -|     -|
|Expression       |        -|      -|     40|   664|
|FIFO             |        -|      -|      -|     -|
|Instance         |        -|      -|      -|     -|
|Memory           |        -|      -|      -|     -|
|Multiplexer      |        -|      -|      -|    96|
|Register         |        -|      -|    359|     -|
+-----------------+---------+-------+-------+------+
|Total            |        0|      0|    399|   760|
+-----------------+---------+-------+-------+------+
|Available        |       40|     40|  16000|  8000|
+-----------------+---------+-------+-------+------+
|Utilization (%)  |        0|      0|      2|     9|
+-----------------+---------+-------+-------+------+

+ Detail: 
    * Instance: 
    N/A

    * DSP48: 
    N/A

    * Memory: 
    N/A

    * FIFO: 
    N/A

    * Expression: 
    +-------------------------+----------+-------+----+-----+------------+------------+
    |      Variable Name      | Operation| DSP48E| FF | LUT | Bitwidth P0| Bitwidth P1|
    +-------------------------+----------+-------+----+-----+------------+------------+
    |i_1_fu_304_p2            |     +    |      0|   0|   10|           2|           1|
    |i_fu_236_p2              |     +    |      0|   0|   10|           2|           1|
    |shift_2_fu_336_p2        |     +    |      0|   0|   39|          32|          32|
    |newexp_fu_396_p2         |     -    |      0|   0|   39|          32|          32|
    |tmp_2_fu_387_p2          |     -    |      0|   0|   16|           7|           9|
    |tmp_5_fu_330_p2          |     -    |      0|   0|   39|           1|          32|
    |c_0_fu_272_p3            |   cttz   |      0|  40|   36|          32|           0|
    |exitcond_fu_230_p2       |   icmp   |      0|   0|    9|           2|           3|
    |tmp_1_fu_377_p2          |   icmp   |      0|   0|   18|          32|           5|
    |tmp_3_fu_382_p2          |   icmp   |      0|   0|   18|          29|           1|
    |tmp_7_fu_350_p2          |   lshr   |      0|   0|  101|          32|          32|
    |or_cond_fu_410_p2        |    or    |      0|   0|    8|           1|           1|
    |c_1_1_fu_280_p3          |  select  |      0|   0|   32|           1|          32|
    |c_1_2_fu_288_p3          |  select  |      0|   0|   32|           1|          32|
    |out_exp_V_fu_437_p3      |  select  |      0|   0|    8|           1|           1|
    |p_Result_22_fu_264_p3    |  select  |      0|   0|   32|           1|          32|
    |r_V_fu_370_p3            |  select  |      0|   0|   29|           1|          29|
    |sh_assign_fu_314_p3      |  select  |      0|   0|   32|           1|          32|
    |significand_V_fu_429_p3  |  select  |      0|   0|   23|           1|           1|
    |ush_fu_341_p3            |  select  |      0|   0|   32|           1|          32|
    |tmp_s_fu_356_p2          |    shl   |      0|   0|  101|          32|          32|
    +-------------------------+----------+-------+----+-----+------------+------------+
    |Total                    |          |      0|  40|  664|         244|         372|
    +-------------------------+----------+-------+----+-----+------------+------------+

    * Multiplexer: 
    +------------------+----+-----------+-----+-----------+
    |       Name       | LUT| Input Size| Bits| Total Bits|
    +------------------+----+-----------+-----+-----------+
    |ap_NS_fsm         |  33|          6|    1|          6|
    |ap_return         |   9|          2|   31|         62|
    |i1_reg_112        |   9|          2|    2|          4|
    |i2_reg_145        |   9|          2|    2|          4|
    |p_Val2_s_reg_156  |   9|          2|   29|         58|
    |p_s_reg_123       |   9|          2|   29|         58|
    |shift_1_reg_166   |   9|          2|   32|         64|
    |shift_reg_133     |   9|          2|   32|         64|
    +------------------+----+-----------+-----+-----------+
    |Total             |  96|         20|  158|        320|
    +------------------+----+-----------+-----+-----------+

    * Register: 
    +----------------------+----+----+-----+-----------+
    |         Name         | FF | LUT| Bits| Const Bits|
    +----------------------+----+----+-----+-----------+
    |ap_CS_fsm             |   5|   0|    5|          0|
    |ap_return_preg        |  31|   0|   32|          1|
    |c_0_s_reg_88          |  32|   0|   32|          0|
    |c_1_s_reg_100         |  32|   0|   32|          0|
    |i1_reg_112            |   2|   0|    2|          0|
    |i2_reg_145            |   2|   0|    2|          0|
    |i_1_reg_502           |   2|   0|    2|          0|
    |isNeg_reg_514         |   1|   0|    1|          0|
    |out_bits_0_V_reg_470  |  32|   0|   32|          0|
    |p_Result_s_reg_475    |  32|   0|   32|          0|
    |p_Val2_s_reg_156      |  29|   0|   29|          0|
    |p_s_reg_123           |  29|   0|   29|          0|
    |sh_assign_reg_507     |  32|   0|   32|          0|
    |shift_1_reg_166       |  32|   0|   32|          0|
    |shift_reg_133         |  32|   0|   32|          0|
    |tmp_15_reg_498        |   1|   0|    1|          0|
    |tmp_3_reg_540         |   1|   0|    1|          0|
    |tmp_5_reg_520         |  32|   0|   32|          0|
    +----------------------+----+----+-----+-----------+
    |Total                 | 359|   0|  360|          1|
    +----------------------+----+----+-----+-----------+



================================================================
== Interface
================================================================
* Summary: 
+-----------+-----+-----+------------+-------------------+--------------+
| RTL Ports | Dir | Bits|  Protocol  |   Source Object   |    C Type    |
+-----------+-----+-----+------------+-------------------+--------------+
|ap_clk     |  in |    1| ap_ctrl_hs | scaled_fixed2ieee | return value |
|ap_rst     |  in |    1| ap_ctrl_hs | scaled_fixed2ieee | return value |
|ap_start   |  in |    1| ap_ctrl_hs | scaled_fixed2ieee | return value |
|ap_done    | out |    1| ap_ctrl_hs | scaled_fixed2ieee | return value |
|ap_idle    | out |    1| ap_ctrl_hs | scaled_fixed2ieee | return value |
|ap_ready   | out |    1| ap_ctrl_hs | scaled_fixed2ieee | return value |
|ap_return  | out |   32| ap_ctrl_hs | scaled_fixed2ieee | return value |
|in_V       |  in |   29|   ap_none  |        in_V       |    scalar    |
|prescale   |  in |    9|   ap_none  |      prescale     |    scalar    |
+-----------+-----+-----+------------+-------------------+--------------+

