INFO-FLOW: Workspace C:/Users/lalat/Documents/IC/Simulador_FPGA_UERJ-master/L-2408/senoHLS/solution1 opened at Mon Aug 24 15:16:23 -0300 2020
Execute     config_clock -quiet -name default -period 10 -default=false 
INFO: [SYN 201-201] Setting up clock 'default' with a period of 10ns.
Execute     open_platform DefaultPlatform 
Execute     import_lib C:/Xilinx/Vivado/2018.3/common/technology/xilinx/aartix7/aartix7 
Execute       source C:/Xilinx/Vivado/2018.3/common/technology/xilinx/common/xilinx.lib 
Execute         source C:/Xilinx/Vivado/2018.3/common/technology/xilinx/interface/xilinx_interface.lib 
Execute           source C:/Xilinx/Vivado/2018.3/common/technology/xilinx/interface/plb46.lib 
Execute           source C:/Xilinx/Vivado/2018.3/common/technology/xilinx/interface/fsl.lib 
Execute           source C:/Xilinx/Vivado/2018.3/common/technology/xilinx/interface/axi4.lib 
Execute           source C:/Xilinx/Vivado/2018.3/common/technology/xilinx/interface/maxi.lib 
Execute           source C:/Xilinx/Vivado/2018.3/common/technology/xilinx/interface/saxilite.lib 
Execute         source C:/Xilinx/Vivado/2018.3/common/technology/xilinx/common/dsp48.lib 
Execute         source C:/Xilinx/Vivado/2018.3/common/technology/xilinx/ip/dds_compiler.lib 
Execute         source C:/Xilinx/Vivado/2018.3/common/technology/xilinx/ip/xfft.lib 
Execute         source C:/Xilinx/Vivado/2018.3/common/technology/xilinx/ip/xfir.lib 
Execute       source C:/Xilinx/Vivado/2018.3/common/technology/xilinx/common/xilinx_old.lib 
Execute       source C:/Xilinx/Vivado/2018.3/common/technology/xilinx/common/xilinx_vivado.lib 
Execute       source C:/Xilinx/Vivado/2018.3/common/technology/xilinx/common/xilinx.hlp 
Execute         source C:/Xilinx/Vivado/2018.3/common/technology/xilinx/common/target_info.tcl 
Execute         source C:/Xilinx/Vivado/2018.3/common/technology/xilinx/interface/xilinx_interface.hlp 
Execute           source C:/Xilinx/Vivado/2018.3/common/technology/xilinx/interface/maxi.hlp 
Execute           source C:/Xilinx/Vivado/2018.3/common/technology/xilinx/interface/saxilite.hlp 
Execute         source C:/Xilinx/Vivado/2018.3/common/technology/xilinx/common/dsp48.hlp 
Execute       source C:/Xilinx/Vivado/2018.3/common/technology/xilinx/aartix7/dsp48e1.hlp 
Execute       get_default_platform 
Execute       config_chip_info -quiet -resource  {SLICE 15850} {LUT 63400}     {FF 126800} {DSP48E 240}    {BRAM 270}  
Execute       config_chip_info -quiet -speed medium 
Execute       source C:/Xilinx/Vivado/2018.3/common/technology/xilinx/common/xilinx.hlp 
Execute         source C:/Xilinx/Vivado/2018.3/common/technology/xilinx/common/target_info.tcl 
Execute         source C:/Xilinx/Vivado/2018.3/common/technology/xilinx/interface/xilinx_interface.hlp 
Execute           source C:/Xilinx/Vivado/2018.3/common/technology/xilinx/interface/maxi.hlp 
Execute           source C:/Xilinx/Vivado/2018.3/common/technology/xilinx/interface/saxilite.hlp 
Execute         source C:/Xilinx/Vivado/2018.3/common/technology/xilinx/common/dsp48.hlp 
Execute     source C:/Xilinx/Vivado/2018.3/common/technology/xilinx/aartix7/aartix7.gen 
Execute       source C:/Xilinx/Vivado/2018.3/common/technology/xilinx/common/virtex.gen 
Execute         source C:/Xilinx/Vivado/2018.3/common/technology/xilinx/common/xilinx.gen 
Execute           source C:/Xilinx/Vivado/2018.3/common/technology/xilinx/interface/plb46.gen 
Execute           source C:/Xilinx/Vivado/2018.3/common/technology/xilinx/interface/fsl.gen 
Execute           source C:/Xilinx/Vivado/2018.3/common/technology/xilinx/interface/axi4.gen 
Execute           source C:/Xilinx/Vivado/2018.3/common/technology/xilinx/interface/nativeAXI4.gen 
Execute             source C:/Xilinx/Vivado/2018.3/common/technology/xilinx/interface/saxilite.gen 
Execute             source C:/Xilinx/Vivado/2018.3/common/technology/xilinx/interface/maxi.gen 
Execute           source C:/Xilinx/Vivado/2018.3/common/technology/xilinx/scripts/xilinxcoregen.gen 
Execute           source C:/Xilinx/Vivado/2018.3/common/technology/xilinx/interface/XilEDKCoreGen.gen 
Execute           source C:/Xilinx/Vivado/2018.3/common/technology/xilinx/ip/dds_compiler.gen 
Execute           source C:/Xilinx/Vivado/2018.3/common/technology/xilinx/ip/util.gen 
Execute           source C:/Xilinx/Vivado/2018.3/common/technology/xilinx/ip/xfft.gen 
Command           ap_source done; 0.124 sec.
Execute           source C:/Xilinx/Vivado/2018.3/common/technology/xilinx/ip/xfir.gen 
Command         ap_source done; 0.183 sec.
Execute         source C:/Xilinx/Vivado/2018.3/common/technology/xilinx/common/dsp48.gen 
Command       ap_source done; 0.186 sec.
Command     ap_source done; 0.187 sec.
Execute     open_platform DefaultPlatform 
Execute     import_lib C:/Xilinx/Vivado/2018.3/common/technology/xilinx/aartix7/aartix7_fpv6 
Execute       source C:/Xilinx/Vivado/2018.3/common/technology/xilinx/common/xilinx_fpv7.lib 
Execute         source C:/Xilinx/Vivado/2018.3/common/technology/xilinx/common/xilinx_hp.lib 
Execute       source C:/Xilinx/Vivado/2018.3/common/technology/xilinx/common/xilinx_fpv.hlp 
Execute         source C:/Xilinx/Vivado/2018.3/common/technology/xilinx/common/xilinx.hlp 
Execute           source C:/Xilinx/Vivado/2018.3/common/technology/xilinx/common/target_info.tcl 
Execute           source C:/Xilinx/Vivado/2018.3/common/technology/xilinx/interface/xilinx_interface.hlp 
Execute             source C:/Xilinx/Vivado/2018.3/common/technology/xilinx/interface/maxi.hlp 
Execute             source C:/Xilinx/Vivado/2018.3/common/technology/xilinx/interface/saxilite.hlp 
Execute           source C:/Xilinx/Vivado/2018.3/common/technology/xilinx/common/dsp48.hlp 
Execute       source C:/Xilinx/Vivado/2018.3/common/technology/xilinx/aartix7/aartix7_hp.hlp 
Execute     source C:/Xilinx/Vivado/2018.3/common/technology/xilinx/aartix7/aartix7_fpv6.gen 
Execute       source C:/Xilinx/Vivado/2018.3/common/technology/xilinx/common/xilinx_fpv6.gen 
Execute     set_part xa7a12tcsg325-1q 
Execute       add_library xilinx/aartix7/aartix7:xa7a12t:csg325:-1q 
Execute         get_default_platform 
Execute         license_isbetapart xa7a12t 
Command         license_isbetapart done; error code: 1; 
Execute         get_default_platform 
Execute         config_chip_info -quiet -resource  {SLICE 2000}  {LUT 8000}      {FF 16000}  {DSP48E 40}     {BRAM 40}  
Execute         config_chip_info -quiet -speed slow 
Execute       add_library xilinx/aartix7/aartix7_fpv6 
Execute         get_default_platform 
INFO: [HLS 200-10] Setting target device to 'xa7a12tcsg325-1q'
Execute       get_default_platform 
Execute     get_default_platform 
Execute     config_chip_info -quiet -resource  {SLICE 2000}  {LUT 8000}      {FF 16000}  {DSP48E 40}     {BRAM 40}  
Execute     config_chip_info -quiet -speed slow 
Command   open_solution done; 0.332 sec.
Execute   set_part xa7a12tcsg325-1q 
Execute     add_library xilinx/aartix7/aartix7:xa7a12t:csg325:-1q 
Execute       get_default_platform 
Execute       license_isbetapart xa7a12t 
Command       license_isbetapart done; error code: 1; 
Execute       get_default_platform 
Execute       config_chip_info -quiet -resource  {SLICE 2000}  {LUT 8000}      {FF 16000}  {DSP48E 40}     {BRAM 40}  
Execute       config_chip_info -quiet -speed slow 
Execute     add_library xilinx/aartix7/aartix7_fpv6 
Execute       get_default_platform 
Execute     get_default_platform 
Execute   create_clock -period 10 -name default 
Execute   csynth_design 
Execute     get_config_compile -effort 
Execute     get_config_compile -enable_clang39 
Execute     get_config_compile -g 
Execute     get_config_compile -lm 
Execute     get_config_compile -ng 
Execute     get_config_compile -opt_fp 
Execute     get_config_compile -skip_cdt 
Execute     get_config_compile -skip_syncheck 
Execute     get_config_compile -skip_transform 
Execute     config_compile -blackbox  
Execute     get_config_compile -keep_printf 
Execute     elaborate -effort=medium -skip_syncheck=0 -keep_printf=0 -lm=0 -skip_cdt=0 -skip_transform=0 -ng=0 -g=0 -opt_fp=0 -from_csynth_design=1 
Execute       get_config_schedule -relax_ii_for_timing 
INFO: [SCHED 204-61] Option 'relax_ii_for_timing' is enabled, will increase II to preserve clock frequency constraints.
Execute       get_config_schedule -suppress_dependence_error_break 
INFO: [HLS 200-10] Analyzing design file '../../C++/sen.cpp' ... 
INFO-FLOW: Compiling one TU...
Execute       is_m_axi_addr64 
INFO-FLOW: Handling ../../C++/sen.cpp as C++
Execute       get_default_platform 
Execute       is_encrypted ../../C++/sen.cpp 
Execute       get_default_platform 
INFO-FLOW: Running: GCC PP
INFO-FLOW: Source preprocessing
Execute       clang  -fno-limit-debug-info -gcc-toolchain "C:/Xilinx/Vivado/2018.3/msys" -hls  -fno-exceptions  -D__llvm__  -E "../../C++/sen.cpp"     -fno-math-errno -c -emit-llvm -O0  -mllvm -disable-llvm-optzns -fno-threadsafe-statics  -fno-use-cxa-atexit  -fno-threadsafe-statics -fno-use-cxa-atexit -D__CLANG_3_1__ -D__cdecl= -DAESL_SYN -D__SYNTHESIS__ -D__HLS_SYN__ -I "C:/Xilinx/Vivado/2018.3/common/technology/autopilot" -I "C:/Xilinx/Vivado/2018.3/common/technology/autopilot/ap_sysc" -include etc/autopilot_ssdm_op.h -D__DSP48E1__  -o "C:/Users/lalat/Documents/IC/Simulador_FPGA_UERJ-master/L-2408/senoHLS/solution1/.autopilot/db/sen.pp.0.cpp" 
INFO-FLOW: exec C:/Xilinx/Vivado/2018.3/win64/tools/clang/bin/clang -fno-limit-debug-info -gcc-toolchain C:/Xilinx/Vivado/2018.3/msys -hls -fno-exceptions -D__llvm__ -E ../../C++/sen.cpp -fno-math-errno -c -emit-llvm -O0 -mllvm -disable-llvm-optzns -fno-threadsafe-statics -fno-use-cxa-atexit -fno-threadsafe-statics -fno-use-cxa-atexit -D__CLANG_3_1__ -D__cdecl= -DAESL_SYN -D__SYNTHESIS__ -D__HLS_SYN__ -I C:/Xilinx/Vivado/2018.3/common/technology/autopilot -I C:/Xilinx/Vivado/2018.3/common/technology/autopilot/ap_sysc -include etc/autopilot_ssdm_op.h -D__DSP48E1__ -o C:/Users/lalat/Documents/IC/Simulador_FPGA_UERJ-master/L-2408/senoHLS/solution1/.autopilot/db/sen.pp.0.cpp
Command       clang done; 2.636 sec.
Execute       tidy_31 xilinx-xfmat-array-geometry C:/Users/lalat/Documents/IC/Simulador_FPGA_UERJ-master/L-2408/senoHLS/solution1/.autopilot/db/sen.pp.0.cpp std=gnu++98 
INFO-FLOW: exec C:/Xilinx/Vivado/2018.3/win64/tools/clang-3.9-csynth/bin/tidy-3.1 -header-filter=.* -checks=-*,xilinx-xfmat-array-geometry -quiet -fix C:/Users/lalat/Documents/IC/Simulador_FPGA_UERJ-master/L-2408/senoHLS/solution1/.autopilot/db/sen.pp.0.cpp -- -std=gnu++98 -fhls -ferror-limit=0
Command       tidy_31 done; 1.42 sec.
INFO-FLOW: Syntax Checking before pre-processing...
Execute       clang -syntaxcheck -src C:/Users/lalat/Documents/IC/Simulador_FPGA_UERJ-master/L-2408/senoHLS/solution1/.autopilot/db/sen.pp.0.cpp  -fno-limit-debug-info -gcc-toolchain "C:/Xilinx/Vivado/2018.3/msys" -hls    -fno-math-errno -c -emit-llvm -O0  -mllvm -disable-llvm-optzns -fno-threadsafe-statics  -fno-use-cxa-atexit  -fno-threadsafe-statics -fno-use-cxa-atexit -D__CLANG_3_1__ -D__cdecl= -DAESL_SYN -D__SYNTHESIS__ -D__HLS_SYN__ -I "C:/Xilinx/Vivado/2018.3/common/technology/autopilot" -I "C:/Xilinx/Vivado/2018.3/common/technology/autopilot/ap_sysc" -include etc/autopilot_ssdm_op.h -D__DSP48E1__  "C:/Users/lalat/Documents/IC/Simulador_FPGA_UERJ-master/L-2408/senoHLS/solution1/.autopilot/db/sen.pp.0.cpp"  -o "C:/Users/lalat/Documents/IC/Simulador_FPGA_UERJ-master/L-2408/senoHLS/solution1/.autopilot/db/useless.bc"  
INFO-FLOW: exec C:/Xilinx/Vivado/2018.3/win64/tools/clang/bin/clang -fno-limit-debug-info -gcc-toolchain C:/Xilinx/Vivado/2018.3/msys -hls -fno-math-errno -c -emit-llvm -O0 -mllvm -disable-llvm-optzns -fno-threadsafe-statics -fno-use-cxa-atexit -fno-threadsafe-statics -fno-use-cxa-atexit -D__CLANG_3_1__ -D__cdecl= -DAESL_SYN -D__SYNTHESIS__ -D__HLS_SYN__ -I C:/Xilinx/Vivado/2018.3/common/technology/autopilot -I C:/Xilinx/Vivado/2018.3/common/technology/autopilot/ap_sysc -include etc/autopilot_ssdm_op.h -D__DSP48E1__ C:/Users/lalat/Documents/IC/Simulador_FPGA_UERJ-master/L-2408/senoHLS/solution1/.autopilot/db/sen.pp.0.cpp -o C:/Users/lalat/Documents/IC/Simulador_FPGA_UERJ-master/L-2408/senoHLS/solution1/.autopilot/db/useless.bc
Command       clang done; 4.612 sec.
INFO-FLOW: Done: GCC PP time: 8.7 seconds per iteration
Execute       list_core -type functional_unit 
Execute       tidy_31 xilinx-systemc-detector C:/Users/lalat/Documents/IC/Simulador_FPGA_UERJ-master/L-2408/senoHLS/solution1/.autopilot/db/sen.pp.0.cpp std=gnu++98 -directive=C:/Users/lalat/Documents/IC/Simulador_FPGA_UERJ-master/L-2408/senoHLS/solution1/.autopilot/db/.systemc_flag 
INFO-FLOW: exec C:/Xilinx/Vivado/2018.3/win64/tools/clang-3.9-csynth/bin/tidy-3.1 -header-filter=.* -checks=-*,xilinx-systemc-detector -import-directive=C:/Users/lalat/Documents/IC/Simulador_FPGA_UERJ-master/L-2408/senoHLS/solution1/.autopilot/db/.systemc_flag -quiet -fix-errors C:/Users/lalat/Documents/IC/Simulador_FPGA_UERJ-master/L-2408/senoHLS/solution1/.autopilot/db/sen.pp.0.cpp -- -std=gnu++98 -fhls -ferror-limit=0
Command       tidy_31 done; 0.86 sec.
INFO-FLOW: Running: tidy-3.1 CDT preprocess
Execute       tidy_31 xilinx-directive2pragma C:/Users/lalat/Documents/IC/Simulador_FPGA_UERJ-master/L-2408/senoHLS/solution1/.autopilot/db/sen.pp.0.cpp std=gnu++98 -directive=C:/Users/lalat/Documents/IC/Simulador_FPGA_UERJ-master/L-2408/senoHLS/solution1/.autopilot/db/all.directive.json 
INFO-FLOW: exec C:/Xilinx/Vivado/2018.3/win64/tools/clang-3.9-csynth/bin/tidy-3.1 -header-filter=.* -checks=-*,xilinx-directive2pragma -import-directive=C:/Users/lalat/Documents/IC/Simulador_FPGA_UERJ-master/L-2408/senoHLS/solution1/.autopilot/db/all.directive.json -quiet -fix-errors C:/Users/lalat/Documents/IC/Simulador_FPGA_UERJ-master/L-2408/senoHLS/solution1/.autopilot/db/sen.pp.0.cpp -- -std=gnu++98 -fhls -ferror-limit=0
Command       tidy_31 done; 0.77 sec.
Execute       get_config_dataflow -strict_mode 
Execute       ap_eval exec -ignorestderr C:/Xilinx/Vivado/2018.3/win64/tools/clang-3.9-csynth/bin/xilinx-dataflow-lawyer -export-fixes=C:/Users/lalat/Documents/IC/Simulador_FPGA_UERJ-master/L-2408/senoHLS/solution1/.autopilot/db/xilinx-dataflow-lawyer.sen.pp.0.cpp.diag.yml C:/Users/lalat/Documents/IC/Simulador_FPGA_UERJ-master/L-2408/senoHLS/solution1/.autopilot/db/sen.pp.0.cpp -- -std=gnu++98 -fhls -ferror-limit=0 -fstrict-dataflow > C:/Users/lalat/Documents/IC/Simulador_FPGA_UERJ-master/L-2408/senoHLS/solution1/.autopilot/db/xilinx-dataflow-lawyer.sen.pp.0.cpp.out.log 2> C:/Users/lalat/Documents/IC/Simulador_FPGA_UERJ-master/L-2408/senoHLS/solution1/.autopilot/db/xilinx-dataflow-lawyer.sen.pp.0.cpp.err.log 
Command       ap_eval done; 0.98 sec.
Execute       tidy_31 -errorcheck xilinx-constantarray-param,xilinx-resource-pragma-transformer,xilinx-xfmat-array-geometry C:/Users/lalat/Documents/IC/Simulador_FPGA_UERJ-master/L-2408/senoHLS/solution1/.autopilot/db/sen.pp.0.cpp std=gnu++98 
Execute         ap_eval exec -ignorestderr C:/Xilinx/Vivado/2018.3/win64/tools/clang-3.9-csynth/bin/tidy-3.1 -export-fixes=C:/Users/lalat/Documents/IC/Simulador_FPGA_UERJ-master/L-2408/senoHLS/solution1/.autopilot/db/tidy-3.1.sen.pp.0.cpp.diag.yml -header-filter=.* -checks=-*,xilinx-constantarray-param,xilinx-resource-pragma-transformer,xilinx-xfmat-array-geometry -quiet -fix-errors C:/Users/lalat/Documents/IC/Simulador_FPGA_UERJ-master/L-2408/senoHLS/solution1/.autopilot/db/sen.pp.0.cpp -- -std=gnu++98 -fhls -ferror-limit=0 > C:/Users/lalat/Documents/IC/Simulador_FPGA_UERJ-master/L-2408/senoHLS/solution1/.autopilot/db/tidy-3.1.sen.pp.0.cpp.out.log 2> C:/Users/lalat/Documents/IC/Simulador_FPGA_UERJ-master/L-2408/senoHLS/solution1/.autopilot/db/tidy-3.1.sen.pp.0.cpp.err.log 
Command         ap_eval done; 1.161 sec.
Execute         ap_eval exec -ignorestderr C:/Xilinx/Vivado/2018.3/win64/tools/clang-3.9-csynth/bin/xilinx-legacy-rewriter C:/Users/lalat/Documents/IC/Simulador_FPGA_UERJ-master/L-2408/senoHLS/solution1/.autopilot/db/sen.pp.0.cpp -- -std=gnu++98 -fhls -ferror-limit=0 > C:/Users/lalat/Documents/IC/Simulador_FPGA_UERJ-master/L-2408/senoHLS/solution1/.autopilot/db/xilinx-legacy-rewriter.sen.pp.0.cpp.out.log 2> C:/Users/lalat/Documents/IC/Simulador_FPGA_UERJ-master/L-2408/senoHLS/solution1/.autopilot/db/xilinx-legacy-rewriter.sen.pp.0.cpp.err.log 
Command         ap_eval done; 0.965 sec.
Command       tidy_31 done; 2.145 sec.
INFO-FLOW: Done: tidy-3.1 CDT preprocess time: 3.9 seconds per iteration
INFO-FLOW: Pragma Handling...
Execute       tidy_31 xilinx-ssdm-intrinsics-arguments C:/Users/lalat/Documents/IC/Simulador_FPGA_UERJ-master/L-2408/senoHLS/solution1/.autopilot/db/sen.pragma.1.cpp std=gnu++98 
INFO-FLOW: exec C:/Xilinx/Vivado/2018.3/win64/tools/clang-3.9-csynth/bin/tidy-3.1 -header-filter=.* -checks=-*,xilinx-ssdm-intrinsics-arguments -quiet -fix-errors C:/Users/lalat/Documents/IC/Simulador_FPGA_UERJ-master/L-2408/senoHLS/solution1/.autopilot/db/sen.pragma.1.cpp -- -std=gnu++98 -fhls -ferror-limit=0
Command       tidy_31 done; 1.22 sec.
Execute       get_default_platform 
INFO-FLOW: Processing labels
Execute       clang -src C:/Users/lalat/Documents/IC/Simulador_FPGA_UERJ-master/L-2408/senoHLS/solution1/.autopilot/db/sen.pragma.2.cpp  -fno-limit-debug-info -gcc-toolchain C:/Xilinx/Vivado/2018.3/msys -hls -hls-analyze-label -hls-analyze-pragma -fno-exceptions  -D__llvm__  -w  "C:/Users/lalat/Documents/IC/Simulador_FPGA_UERJ-master/L-2408/senoHLS/solution1/.autopilot/db/sen.pragma.2.cpp"    -fno-math-errno -c -emit-llvm -O0  -mllvm -disable-llvm-optzns -fno-threadsafe-statics  -fno-use-cxa-atexit -DAESL_SYN -D__SYNTHESIS__ -D__HLS_SYN__ -I "C:/Xilinx/Vivado/2018.3/common/technology/autopilot" -I "C:/Xilinx/Vivado/2018.3/common/technology/autopilot/ap_sysc" -include etc/autopilot_ssdm_op.h -D__DSP48E1__ -g -o "C:/Users/lalat/Documents/IC/Simulador_FPGA_UERJ-master/L-2408/senoHLS/solution1/.autopilot/db/sen.bc" 
INFO-FLOW: exec C:/Xilinx/Vivado/2018.3/win64/tools/clang/bin/clang -fno-limit-debug-info -gcc-toolchain C:/Xilinx/Vivado/2018.3/msys -hls -hls-analyze-label -hls-analyze-pragma -fno-exceptions -D__llvm__ -w C:/Users/lalat/Documents/IC/Simulador_FPGA_UERJ-master/L-2408/senoHLS/solution1/.autopilot/db/sen.pragma.2.cpp -fno-math-errno -c -emit-llvm -O0 -mllvm -disable-llvm-optzns -fno-threadsafe-statics -fno-use-cxa-atexit -DAESL_SYN -D__SYNTHESIS__ -D__HLS_SYN__ -I C:/Xilinx/Vivado/2018.3/common/technology/autopilot -I C:/Xilinx/Vivado/2018.3/common/technology/autopilot/ap_sysc -include etc/autopilot_ssdm_op.h -D__DSP48E1__ -g -o C:/Users/lalat/Documents/IC/Simulador_FPGA_UERJ-master/L-2408/senoHLS/solution1/.autopilot/db/sen.bc
Command       clang done; 3.929 sec.
INFO-FLOW: Linking Debug ...
Execute       llvm-ld C:/Users/lalat/Documents/IC/Simulador_FPGA_UERJ-master/L-2408/senoHLS/solution1/.autopilot/db/sen.g.bc -hls-opt -except-internalize sen -LC:/Xilinx/Vivado/2018.3/win64/lib -lhlsm -lhlsmc++ -o C:/Users/lalat/Documents/IC/Simulador_FPGA_UERJ-master/L-2408/senoHLS/solution1/.autopilot/db/a.g 
Command       llvm-ld done; 2.547 sec.
INFO: [HLS 200-111] Finished Linking Time (s): cpu = 00:00:01 ; elapsed = 00:00:23 . Memory (MB): peak = 102.145 ; gain = 17.012
INFO: [HLS 200-111] Finished Checking Pragmas Time (s): cpu = 00:00:01 ; elapsed = 00:00:23 . Memory (MB): peak = 102.145 ; gain = 17.012
Execute       get_config_sdx -target 
Execute       opt_and_import_c a -opt_level=2 -skip_syncheck=0 -ng=0 -keep_printf=0 
Execute         cleanup_all_models 
INFO: [HLS 200-10] Starting code transformations ...
Execute         transform -promote-dbg-pointer C:/Users/lalat/Documents/IC/Simulador_FPGA_UERJ-master/L-2408/senoHLS/solution1/.autopilot/db/a.pp.bc -o C:/Users/lalat/Documents/IC/Simulador_FPGA_UERJ-master/L-2408/senoHLS/solution1/.autopilot/db/a.pp.0.bc -f 
Command         transform done; 0.46 sec.
Execute         llvm-ld C:/Users/lalat/Documents/IC/Simulador_FPGA_UERJ-master/L-2408/senoHLS/solution1/.autopilot/db/a.pp.0.bc -disable-opt -LC:/Xilinx/Vivado/2018.3/win64/lib -lfloatconversion -o C:/Users/lalat/Documents/IC/Simulador_FPGA_UERJ-master/L-2408/senoHLS/solution1/.autopilot/db/a.g.0 
Command         llvm-ld done; 1.334 sec.
INFO-FLOW: Running Standard Transforms...
Execute         transform -hls -share-std-xform -demangle-name -inline-byval-memcpy -always-inline -promote-dbg-pointer -interface-preproc -mem2reg -lower-blackbox -scalarrepl -mem2reg -keep-read-access -instcombine -dce -promote-dbg-pointer -bitop-raise -loop-simplify -indvarspre -indvars -loop-simplify -xunroll -constprop -instcombine -simplifycfg -indvars -simplifycfg -dce -globaldce -basicaa -simplifycfg -mem2reg -globalopt -global-constprop -deadargelim -instcombine -simplifycfg -prune-eh -simplifycfg -scalarrepl -instcombine -reassociate -licm -simplifycfg -loop-simplify -indvars -instcombine -simplifycfg -mem2reg -loop-simplify -indvars -instcombine -gvn -gvn -instcombine -adce -break-crit-edges -simplifycfg -loop-delete -global-array-opt -dce -dse -adce -find-syn-modules -top sen -deadargelim -mem2reg -instcombine -dce -presyn-prepare -auto-rom-infer -interface-preproc -syn-check -check-rec-only -find-region -simplifycfg -func-extr -function-inline -globaldce -mem2reg -instcombine -dce -gvn -globaldce -adce -adse -constprop -instcombine -bit-constprop -instcombine -dce -simplifycfg -bitop-raise -simplifycfg -dce -loop-delete -reassociate -globalopt -global-privatize -mem2reg -dce -global-constprop -pointer-simplify -constprop -dce -func-inst -deadargelim -auto-shift-reg-idiom -promote-dbg-pointer -norm-name C:/Users/lalat/Documents/IC/Simulador_FPGA_UERJ-master/L-2408/senoHLS/solution1/.autopilot/db/a.g.0.bc -o C:/Users/lalat/Documents/IC/Simulador_FPGA_UERJ-master/L-2408/senoHLS/solution1/.autopilot/db/a.g.1.bc -f -phase std-opt 
Command         transform done; 1.129 sec.
INFO: [HLS 200-111] Finished Standard Transforms Time (s): cpu = 00:00:02 ; elapsed = 00:00:26 . Memory (MB): peak = 196.172 ; gain = 111.039
INFO: [HLS 200-10] Checking synthesizability ...
INFO-FLOW: Checking Synthesizability 1/2..
Execute         transform -hls -syn-check -check-rec-only -disaggr -scalarrepl -norm-name -dce -mem2reg -instcombine -function-uniquify -directive-preproc -mem2reg -dse -dce -auto-rom-infer -dce -pag -array-normalize -instcombine -dce -warn-fifo-pointer -array-seg-normalize -instcombine -dce -array-flatten -instcombine -dce -array-burst -dce -deadargelim -promote-global-argument -simplifycfg -mem2reg -globaldce -resolve-double-ptr -dce -deadargelim -dce -instcombine -function-inline -globaldce -dce -doublePtrSimplify -doublePtrElim -dce -doublePtrSimplify -promote-dbg-pointer -dce -scalarrepl -dse -adse -instcombine -ptrLegalization -simplifycfg -dce -instcombine -pointer-simplify -ptrArgReplace -dce -instcombine -disaggr -scalarrepl -norm-name -dce -mem2reg -instcombine -ptrLegalization -simplifycfg -deadargelim -instcombine -dce -inst-simplify -function-uniquify -directive-preproc -mem2reg -dse -dce -globaldce -check-dspbuiltin C:/Users/lalat/Documents/IC/Simulador_FPGA_UERJ-master/L-2408/senoHLS/solution1/.autopilot/db/a.g.1.bc -o C:/Users/lalat/Documents/IC/Simulador_FPGA_UERJ-master/L-2408/senoHLS/solution1/.autopilot/db/a.g.2.prechk.bc -f 
INFO: [XFORM 203-602] Inlining function 'fp_struct<float>::expv' into 'range_redux_payne_hanek_hotbm<29, float, 29, 29>' (r:/builds/2018.3/continuous/2018_12_06_2405991/src/products/hls/hls_lib/hlsmath/include/FloatingPoint/hls_range_redux.h:469) automatically.
INFO: [XFORM 203-602] Inlining function 'table_lookup_4oPi_hotbm<23, 29>' into 'range_redux_payne_hanek_hotbm<29, float, 29, 29>' (r:/builds/2018.3/continuous/2018_12_06_2405991/src/products/hls/hls_lib/hlsmath/include/FloatingPoint/hls_range_redux.h:495) automatically.
INFO: [XFORM 203-602] Inlining function 'clz<29, 58, 0>' into 'range_redux_payne_hanek_hotbm<29, float, 29, 29>' (r:/builds/2018.3/continuous/2018_12_06_2405991/src/products/hls/hls_lib/hlsmath/include/FloatingPoint/hls_range_redux.h:523) automatically.
INFO: [XFORM 203-602] Inlining function 'fp_struct<float>::data' into 'fp_struct<float>::to_float' (r:/builds/2018.3/continuous/2018_12_06_2405991/src/products/hls/hls_lib/src/hls\utils/x_hls_utils.h:348) automatically.
INFO: [XFORM 203-602] Inlining function 'fp_struct<float>::to_float' into 'fp_struct<float>::to_ieee' (r:/builds/2018.3/continuous/2018_12_06_2405991/src/products/hls/hls_lib/src/hls\utils/x_hls_utils.h:369) automatically.
INFO: [XFORM 203-602] Inlining function 'clz' into 'scaled_fixed2ieee<29, 1>' (r:/builds/2018.3/continuous/2018_12_06_2405991/src/products/hls/hls_lib/src/hls\utils/x_hls_float_utils.h:307) automatically.
INFO: [XFORM 203-602] Inlining function 'fp_struct<float>::set_mantissa' into 'scaled_fixed2ieee<29, 1>' (r:/builds/2018.3/continuous/2018_12_06_2405991/src/products/hls/hls_lib/src/hls\utils/x_hls_float_utils.h:340) automatically.
INFO: [XFORM 203-602] Inlining function 'fp_struct<float>::to_ieee' into 'scaled_fixed2ieee<29, 1>' (r:/builds/2018.3/continuous/2018_12_06_2405991/src/products/hls/hls_lib/src/hls\utils/x_hls_float_utils.h:342) automatically.
INFO: [XFORM 203-602] Inlining function 'hotbm_::value_list<float>::sin_or_cos_approximation<29, 29>' into 'hotbm_::sin_or_cos<float>' (r:/builds/2018.3/continuous/2018_12_06_2405991/src/products/hls/hls_lib/hlsmath/include/FloatingPoint\hls_hotbm.h:278) automatically.
INFO: [XFORM 203-602] Inlining function 'fp_struct<float>::to_ieee' into 'hotbm_::sin_or_cos<float>' (r:/builds/2018.3/continuous/2018_12_06_2405991/src/products/hls/hls_lib/hlsmath/include/FloatingPoint\hls_hotbm.h:315) automatically.
INFO: [XFORM 203-602] Inlining function 'hotbm_::sin' into 'sinf' (r:/builds/2018.3/continuous/2018_12_06_2405991/src/products/hls/hls_lib/hlsmath/src/c/sincosfloat.cpp:7) automatically.
INFO: [XFORM 203-602] Inlining function 'sinf' into 'std::sin' (C:/Xilinx/Vivado/2018.3/win64/tools/clang/bin\..\lib\clang\3.1/../../../include/c++/4.5.2\cmath:402) automatically.
INFO: [XFORM 203-602] Inlining function 'std::sin' into 'sen' (../../C++/sen.cpp:13) automatically.
Command         transform done; 0.481 sec.
INFO-FLOW: Checking Synthesizability 2/2..
Execute         transform -syn-check C:/Users/lalat/Documents/IC/Simulador_FPGA_UERJ-master/L-2408/senoHLS/solution1/.autopilot/db/a.g.2.prechk.bc -o C:/Users/lalat/Documents/IC/Simulador_FPGA_UERJ-master/L-2408/senoHLS/solution1/.autopilot/db/a.g.2.bc -f -phase syn-check 
WARNING: [SYNCHK 200-23] r:/builds/2018.3/continuous/2018_12_06_2405991/src/products/hls/hls_lib/src/hls\utils/x_hls_float_utils.h:297: variable-indexed range selection may cause suboptimal QoR.
INFO: [SYNCHK 200-10] 0 error(s), 1 warning(s).
Command         transform done; 0.331 sec.
INFO: [HLS 200-111] Finished Checking Synthesizability Time (s): cpu = 00:00:03 ; elapsed = 00:00:27 . Memory (MB): peak = 231.914 ; gain = 146.781
INFO-FLOW: Compiler optimizing ...
INFO-FLOW: Share syncheck's 1.bc for syn flow: copy C:/Users/lalat/Documents/IC/Simulador_FPGA_UERJ-master/L-2408/senoHLS/solution1/.autopilot/db/a.g.1.bc to C:/Users/lalat/Documents/IC/Simulador_FPGA_UERJ-master/L-2408/senoHLS/solution1/.autopilot/db/a.o.1.bc
INFO-FLOW: Presyn 1...
Execute         transform -hls -tmp C:/Users/lalat/Documents/IC/Simulador_FPGA_UERJ-master/L-2408/senoHLS/solution1/.autopilot/db -interface-port-rename -type-info -function-uniquify -directive-preproc -mem2reg -dse -dce -disaggr -scalarrepl -norm-name -deadargelim -mem2reg -instcombine -dce -simplifycfg -auto-rom-infer -dce -function-uniquify -resource-proc -simplifycfg -mem2reg -globaldce -resolve-double-ptr -dce -deadargelim -dce -instcombine -clib-intrinsic-prepare -dce -func-buffer -dce -pag -array-normalize -func-legal -instcombine -gvn -constprop -dce -ptrArgReplace -mem2reg -instcombine -dce -array-seg-normalize -deadargelim -instcombine -dce -pointer-simplify -dce -port-alignment -dce -interface-preproc -data-pack -instcombine -dce -basicaa -aggr-aa -aggrmodref-aa -aggr-aa -gvn -gvn -basicaa -aggr-aa -aggrmodref-aa -aggr-aa -dse -adse -adce -loop-simplify -indvars -instcombine -gvn -loop-simplify -mem2reg -dce -find-region -instcombine -auto-loop-pipeline -inst-simplify -interface-preproc -cfgopt -instcombine -indvars -auto-loop-unroll -loop-simplify -loop-bound -xunroll -constprop -instcombine -simplifycfg -indvars -simplifycfg -dce -globaldce -clean-region -attach-range -gvn -inst-simplify -constprop -simplifycfg -dce -pointer-simplify -dce -globalopt -constprop -dce -array-promote -constprop -instcombine -dce -ptrArgReplace -mem2reg -instcombine -simplifycfg -dce -auto-par -instcombine -dce -array-transform-check -array-reshape -instcombine -simplifycfg -dce -ptrArgReplace -deadargelim -mem2reg -instcombine -simplifycfg -dce -indvars -loop-simplify -loop-bound -xunroll -constprop -instcombine -simplifycfg -indvars -simplifycfg -dce -globaldce -basicaa -aggr-aa -aggrmodref-aa -aggr-aa -dse -duplicate-dataflow-processes -globaldce -instcombine -array-partition -instcombine -simplifycfg -dce -ptrArgReplace -global-constprop -deadargelim -mem2reg -func-legal -instcombine -dce -global-constprop -deadargelim -mem2reg -instcombine -simplifycfg -dce -merge-param -deadargelim -globalopt -constprop -dce -array-promote -constprop -instcombine -dce -ptrArgReplace -mem2reg -instcombine -simplifycfg -dce -mem-intrinsic-preproc -dce -global-internalize -global-privatize -mem2reg -globaldce -promote-global-argument -ptrArgReplace -mem2reg -instcombine -dce -globalopt -mergereturn -simplify-global-access -mem2reg -dce -pointer-simplify -dce -functionattrs -basicaa -aggr-aa -aggrmodref-aa -aggr-aa -gvn -gvn -basicaa -aggr-aa -aggrmodref-aa -aggr-aa -dse -adse -adce -inst-simplify -dce -norm-name -function-inline -globaldce -func-inst -constprop -instcombine -simplifycfg -dce -func-legal -dce -loop-bound -arraycheck -bitwidthmin -on-by-dataflow -loop-delete -instcombine -simplifycfg -globaldce -dce -gvn -deadargelim -dce -loop-simplify -clean-region -simplifycfg -propagate-stable-arguments -loop-stream -instcombine -simplifycfg -dce -globaldce -duplicate-dataflow-processes -stream-intrinsic-preproc -dce -check-ap-stream -loop-simplify -eliminate-keepreads -extract-dataflow-in-loop -loop-simplify -dce -gvn -deadargelim -dse -check-dataflow-syntax -legalize-stream-variable -legalize-global -extract-subproc -dce -dead-channel-elimination -canonicalize-gep -globaldce -dce -gvn -deadargelim -annotate-dataflow-channels -scalar-propagation -deadargelim -globaldce -mem2reg -check-dataflow-channels -function-stream -dce -globaldce -prop-fifo-spec -internal-stream-gen -canonicalize-gep -globaldce -dce -gvn -deadargelim -mergereturn -indvars -loop-simplify -instcombine -array-stream -array-seg-normalize -array-partition -func-legal -instcombine -simplifycfg -dce -bundle-memfifo-ops -deadargelim -function-uniquify -directive-preproc -mem2reg -dse -dce -group-axi-access -licm -simplifycfg -dce -loop-delete -norm-name C:/Users/lalat/Documents/IC/Simulador_FPGA_UERJ-master/L-2408/senoHLS/solution1/.autopilot/db/a.o.1.bc -o C:/Users/lalat/Documents/IC/Simulador_FPGA_UERJ-master/L-2408/senoHLS/solution1/.autopilot/db/a.o.1.tmp.bc -f 
INFO: [XFORM 203-502] Unrolling small iteration loop 'Loop-1' (r:/builds/2018.3/continuous/2018_12_06_2405991/src/products/hls/hls_lib/src/hls\utils/x_hls_float_utils.h:295) in function 'scaled_fixed2ieee<29, 1>' automatically.
INFO: [HLS 200-489] Unrolling loop 'Loop-1' (r:/builds/2018.3/continuous/2018_12_06_2405991/src/products/hls/hls_lib/src/hls\utils/x_hls_float_utils.h:295) in function 'scaled_fixed2ieee<29, 1>' completely with a factor of 1.
INFO: [XFORM 203-102] Automatically partitioning small array 'out_bits.V' (r:/builds/2018.3/continuous/2018_12_06_2405991/src/products/hls/hls_lib/src/hls\utils/x_hls_float_utils.h:294) completely based on array size.
INFO: [XFORM 203-102] Automatically partitioning small array 'c' (r:/builds/2018.3/continuous/2018_12_06_2405991/src/products/hls/hls_lib/src/hls\utils/x_hls_float_utils.h:305) completely based on array size.
INFO: [XFORM 203-101] Partitioning array 'swap_table.1'  in dimension 1 completely.
INFO: [XFORM 203-101] Partitioning array 'swap_table'  in dimension 1 completely.
INFO: [XFORM 203-101] Partitioning array 'neg_sin_table'  in dimension 1 completely.
INFO: [XFORM 203-101] Partitioning array 'neg_cos_table'  in dimension 1 completely.
INFO: [XFORM 203-101] Partitioning array 'out_bits.V' (r:/builds/2018.3/continuous/2018_12_06_2405991/src/products/hls/hls_lib/src/hls\utils/x_hls_float_utils.h:294) in dimension 1 completely.
INFO: [XFORM 203-101] Partitioning array 'c' (r:/builds/2018.3/continuous/2018_12_06_2405991/src/products/hls/hls_lib/src/hls\utils/x_hls_float_utils.h:305) in dimension 1 completely.
INFO: [XFORM 203-602] Inlining function 'fp_struct<float>::expv' into 'range_redux_payne_hanek_hotbm<29, float, 29, 29>' (r:/builds/2018.3/continuous/2018_12_06_2405991/src/products/hls/hls_lib/hlsmath/include/FloatingPoint/hls_range_redux.h:469) automatically.
INFO: [XFORM 203-602] Inlining function 'table_lookup_4oPi_hotbm<23, 29>' into 'range_redux_payne_hanek_hotbm<29, float, 29, 29>' (r:/builds/2018.3/continuous/2018_12_06_2405991/src/products/hls/hls_lib/hlsmath/include/FloatingPoint/hls_range_redux.h:495) automatically.
INFO: [XFORM 203-602] Inlining function 'clz<29, 58, 0>' into 'range_redux_payne_hanek_hotbm<29, float, 29, 29>' (r:/builds/2018.3/continuous/2018_12_06_2405991/src/products/hls/hls_lib/hlsmath/include/FloatingPoint/hls_range_redux.h:523) automatically.
INFO: [XFORM 203-602] Inlining function 'fp_struct<float>::data' into 'fp_struct<float>::to_float' (r:/builds/2018.3/continuous/2018_12_06_2405991/src/products/hls/hls_lib/src/hls\utils/x_hls_utils.h:348) automatically.
INFO: [XFORM 203-602] Inlining function 'fp_struct<float>::to_float' into 'fp_struct<float>::to_ieee' (r:/builds/2018.3/continuous/2018_12_06_2405991/src/products/hls/hls_lib/src/hls\utils/x_hls_utils.h:369) automatically.
INFO: [XFORM 203-602] Inlining function 'clz' into 'scaled_fixed2ieee<29, 1>' (r:/builds/2018.3/continuous/2018_12_06_2405991/src/products/hls/hls_lib/src/hls\utils/x_hls_float_utils.h:307) automatically.
INFO: [XFORM 203-602] Inlining function 'fp_struct<float>::set_mantissa' into 'scaled_fixed2ieee<29, 1>' (r:/builds/2018.3/continuous/2018_12_06_2405991/src/products/hls/hls_lib/src/hls\utils/x_hls_float_utils.h:340) automatically.
INFO: [XFORM 203-602] Inlining function 'fp_struct<float>::to_ieee' into 'scaled_fixed2ieee<29, 1>' (r:/builds/2018.3/continuous/2018_12_06_2405991/src/products/hls/hls_lib/src/hls\utils/x_hls_float_utils.h:342) automatically.
INFO: [XFORM 203-602] Inlining function 'hotbm_::value_list<float>::sin_or_cos_approximation<29, 29>' into 'hotbm_::sin_or_cos<float>' (r:/builds/2018.3/continuous/2018_12_06_2405991/src/products/hls/hls_lib/hlsmath/include/FloatingPoint\hls_hotbm.h:278) automatically.
INFO: [XFORM 203-602] Inlining function 'fp_struct<float>::to_ieee' into 'hotbm_::sin_or_cos<float>' (r:/builds/2018.3/continuous/2018_12_06_2405991/src/products/hls/hls_lib/hlsmath/include/FloatingPoint\hls_hotbm.h:315) automatically.
INFO: [XFORM 203-602] Inlining function 'hotbm_::sin' into 'sinf' (r:/builds/2018.3/continuous/2018_12_06_2405991/src/products/hls/hls_lib/hlsmath/src/c/sincosfloat.cpp:7) automatically.
INFO: [XFORM 203-602] Inlining function 'sinf' into 'std::sin' (C:/Xilinx/Vivado/2018.3/win64/tools/clang/bin\..\lib\clang\3.1/../../../include/c++/4.5.2\cmath:402) automatically.
INFO: [XFORM 203-602] Inlining function 'std::sin' into 'sen' (../../C++/sen.cpp:13) automatically.
Command         transform done; 0.84 sec.
INFO-FLOW: Presyn 2...
Execute         transform -hls -keep-callgraph -scalarrepl -mem2reg -port-alignment -attach-range -dce -pipe-mux-gen -indvars -loop-bound -inst-simplify -instcombine -dce -merge-array-access -mem2reg -dce -clean-region -mergereturn -if-conv -instcombine -dce -constprop -basicaa -aggr-aa -aggrmodref-aa -aggr-aa -gvn -gvn -basicaa -aggr-aa -aggrmodref-aa -aggr-aa -dse -adse -adce -scalarrepl -mem2reg -global-constprop -deadargelim -deadargelim -instcombine -dce -simplifycfg -ptrArgReplace -mem2reg -function-inline -globaldce -mem2reg -instcombine -dce -expr-balance -instcombine -dce -bitwidthmin -interface-preproc -directive-preproc -inst-rectify -instcombine -dce -functionattrs -constprop -instcombine -bit-constprop -simplify-global-access -globalopt -globaldce -inst-simplify -instcombine -elimdeaddata -dce -loop-delete -simplifycfg -loop-simplify -auto-burst -norm-name C:/Users/lalat/Documents/IC/Simulador_FPGA_UERJ-master/L-2408/senoHLS/solution1/.autopilot/db/a.o.1.tmp.bc -o C:/Users/lalat/Documents/IC/Simulador_FPGA_UERJ-master/L-2408/senoHLS/solution1/.autopilot/db/a.o.2.bc -f -phase presyn 
INFO: [XFORM 203-401] Performing if-conversion on hyperblock from (r:/builds/2018.3/continuous/2018_12_06_2405991/src/products/hls/hls_lib/src/hls\utils/x_hls_float_utils.h:314:9) to (r:/builds/2018.3/continuous/2018_12_06_2405991/src/products/hls/hls_lib/src/hls\utils/x_hls_float_utils.h:316:9) in function 'scaled_fixed2ieee<29, 1>'... converting 4 basic blocks.
INFO: [XFORM 203-401] Performing if-conversion on hyperblock from (r:/builds/2018.3/continuous/2018_12_06_2405991/src/products/hls/hls_lib/src/hls\utils/x_hls_float_utils.h:324:50) to (r:/builds/2018.3/continuous/2018_12_06_2405991/src/products/hls/hls_lib/src/hls\utils/x_hls_float_utils.h:343:1) in function 'scaled_fixed2ieee<29, 1>'... converting 3 basic blocks.
INFO: [XFORM 203-401] Performing if-conversion on hyperblock from (r:/builds/2018.3/continuous/2018_12_06_2405991/src/products/hls/hls_lib/hlsmath/include/FloatingPoint/hls_range_redux.h:460:7) to (r:/builds/2018.3/continuous/2018_12_06_2405991/src/products/hls/hls_lib/hlsmath/include/FloatingPoint/hls_range_redux.h:543:1) in function 'range_redux_payne_hanek_hotbm<29, float, 29, 29>'... converting 8 basic blocks.
INFO: [XFORM 203-401] Performing if-conversion on hyperblock from (r:/builds/2018.3/continuous/2018_12_06_2405991/src/products/hls/hls_lib/hlsmath/include/FloatingPoint\hls_hotbm.h:237:18) to (r:/builds/2018.3/continuous/2018_12_06_2405991/src/products/hls/hls_lib/hlsmath/include/FloatingPoint\hls_hotbm.h:315:12) in function 'hotbm_::sin_or_cos<float>'... converting 6 basic blocks.
INFO: [XFORM 203-602] Inlining function 'range_redux_payne_hanek_hotbm<29, float, 29, 29>' into 'hotbm_::sin_or_cos<float>' (r:/builds/2018.3/continuous/2018_12_06_2405991/src/products/hls/hls_lib/hlsmath/include/FloatingPoint\hls_hotbm.h:267) automatically.
INFO: [XFORM 203-602] Inlining function 'hotbm_::sin_or_cos<float>' into 'sen' (r:/builds/2018.3/continuous/2018_12_06_2405991/src/products/hls/hls_lib/hlsmath/src/common/hls_hotbm_float.cpp:122->r:/builds/2018.3/continuous/2018_12_06_2405991/src/products/hls/hls_lib/hlsmath/src/c/sincosfloat.cpp:7->C:/Xilinx/Vivado/2018.3/win64/tools/clang/bin\..\lib\clang\3.1/../../../include/c++/4.5.2\cmath:402->../../C++/sen.cpp:13) automatically.
Command         transform done; 0.537 sec.
INFO: [HLS 200-111] Finished Pre-synthesis Time (s): cpu = 00:00:04 ; elapsed = 00:00:28 . Memory (MB): peak = 298.789 ; gain = 213.656
INFO-FLOW: Building ssdm...
Execute         transform -hls -function-uniquify -auto-function-inline -globaldce -ptrArgReplace -mem2reg -instcombine -dce -reset-lda -loop-simplify -indvars -licm -loop-dep -loop-bound -licm -loop-simplify -flattenloopnest -array-flatten -gvn -instcombine -dce -array-map -dce -func-legal -gvn -adce -instcombine -cfgopt -simplifycfg -loop-simplify -array-burst -promote-global-argument -dce -axi4-lower -array-seg-normalize -basicaa -aggrmodref-aa -globalsmodref-aa -aggr-aa -gvn -gvn -basicaa -aggrmodref-aa -globalsmodref-aa -aggr-aa -dse -adse -adce -licm -inst-simplify -dce -globaldce -instcombine -array-stream -eliminate-keepreads -instcombine -dce -deadargelim -doublePtrSimplify -doublePtrElim -dce -doublePtrSimplify -promote-dbg-pointer -dce -scalarrepl -mem2reg -disaggr -norm-name -mem2reg -instcombine -dse -adse -adce -ptrLegalization -dce -auto-rom-infer -array-flatten -dce -instcombine -check-doubleptr -loop-rot -constprop -cfgopt -simplifycfg -loop-simplify -indvars -pointer-simplify -dce -loop-bound -loop-simplify -loop-preproc -constprop -global-constprop -gvn -mem2reg -instcombine -dce -loop-bound -loop-merge -dce -bitwidthmin -deadargelim -dce -canonicalize-dataflow -dce -scalar-propagation -deadargelim -globaldce -mem2reg -read-loop-dep -interface-preproc -directive-preproc -interface-gen -bram-byte-enable -deadargelim -inst-simplify -dce -gvn -mem2reg -instcombine -dce -adse -loop-bound -instcombine -cfgopt -simplifycfg -loop-simplify -clean-region -io-protocol -find-region -mem2reg -bitop-raise -inst-simplify -inst-rectify -instcombine -adce -deadargelim -loop-simplify -phi-opt -bitop-raise -cfgopt -simplifycfg -strip-dead-prototypes -interface-lower -bitop-lower -intrinsic-lower -auto-function-inline -basicaa -aggrmodref-aa -globalsmodref-aa -aggr-aa -inst-simplify -simplifycfg -loop-simplify -mergereturn -inst-simplify -inst-rectify -dce -load-elim -bitop-lower -loop-rewind -pointer-simplify -dce -cfgopt -dce -bitwidth -loop-bound -loop-dep -read-loop-dep -dce -check-stream -norm-name -legalize -validate-dataflow -inst-clarity -cdfg-build C:/Users/lalat/Documents/IC/Simulador_FPGA_UERJ-master/L-2408/senoHLS/solution1/.autopilot/db/a.o.2.bc -o C:/Users/lalat/Documents/IC/Simulador_FPGA_UERJ-master/L-2408/senoHLS/solution1/.autopilot/db/a.o.3.bc -f -phase build-ssdm 
WARNING: [XFORM 203-631] Renaming function 'scaled_fixed2ieee<29, 1>' to 'scaled_fixed2ieee' (r:/builds/2018.3/continuous/2018_12_06_2405991/src/products/hls/hls_lib/src/hls\utils/x_hls_float_utils.h:109:37)
Command         transform done; 0.686 sec.
INFO: [HLS 200-111] Finished Architecture Synthesis Time (s): cpu = 00:00:05 ; elapsed = 00:00:29 . Memory (MB): peak = 319.992 ; gain = 234.859
INFO-FLOW: Finish building internal data model.
Command       opt_and_import_c done; 5.834 sec.
Command     elaborate done; 27.451 sec.
Execute     autosyn -from_csynth_design=1 
INFO: [HLS 200-10] Starting hardware synthesis ...
INFO-FLOW: Synthesizing C/C++ design ...
INFO: [HLS 200-10] Synthesizing 'sen' ...
Execute       ap_set_top_model sen 
Execute       get_model_list sen -filter all-wo-channel -topdown 
Execute       preproc_iomode -model sen 
Execute       preproc_iomode -model scaled_fixed2ieee 
Execute       get_model_list sen -filter all-wo-channel 
INFO-FLOW: Model list for configure: scaled_fixed2ieee sen
INFO-FLOW: Configuring Module : scaled_fixed2ieee ...
Execute       set_default_model scaled_fixed2ieee 
Execute       apply_spec_resource_limit scaled_fixed2ieee 
INFO-FLOW: Configuring Module : sen ...
Execute       set_default_model sen 
Execute       apply_spec_resource_limit sen 
INFO-FLOW: Model list for preprocess: scaled_fixed2ieee sen
INFO-FLOW: Preprocessing Module: scaled_fixed2ieee ...
Execute       set_default_model scaled_fixed2ieee 
Execute       cdfg_preprocess -model scaled_fixed2ieee 
Execute       rtl_gen_preprocess scaled_fixed2ieee 
INFO-FLOW: Preprocessing Module: sen ...
Execute       set_default_model sen 
Execute       cdfg_preprocess -model sen 
Execute       rtl_gen_preprocess sen 
INFO-FLOW: Model list for synthesis: scaled_fixed2ieee sen
INFO: [HLS 200-10] ----------------------------------------------------------------
INFO: [HLS 200-42] -- Implementing module 'scaled_fixed2ieee' 
INFO: [HLS 200-10] ----------------------------------------------------------------
Execute       set_default_model scaled_fixed2ieee 
Execute       schedule -model scaled_fixed2ieee 
INFO: [SCHED 204-11] Starting scheduling ...
INFO: [SCHED 204-11] Finished scheduling.
INFO: [HLS 200-111]  Elapsed time: 29.259 seconds; current allocated memory: 261.249 MB.
Execute       report -o C:/Users/lalat/Documents/IC/Simulador_FPGA_UERJ-master/L-2408/senoHLS/solution1/.autopilot/db/scaled_fixed2ieee.verbose.sched.rpt -verbose -f 
INFO: [HLS 200-434] Only 0 loops out of a total 2 loops have been pipelined in this design.
Execute       db_write -o C:/Users/lalat/Documents/IC/Simulador_FPGA_UERJ-master/L-2408/senoHLS/solution1/.autopilot/db/scaled_fixed2ieee.sched.adb -f 
INFO-FLOW: Finish scheduling scaled_fixed2ieee.
Execute       set_default_model scaled_fixed2ieee 
Execute       bind -model scaled_fixed2ieee 
BIND OPTION: fu_weight=[ 0.0 -- 1.0 ]
BIND OPTION: model=scaled_fixed2ieee
BIND OPTION: reg_weight=[ 0.0 -- 1.0 ]
INFO: [BIND 205-100] Starting micro-architecture generation ...
INFO: [BIND 205-101] Performing variable lifetime analysis.
INFO: [BIND 205-101] Exploring resource sharing.
INFO: [BIND 205-101] Binding ...
INFO: [BIND 205-100] Finished micro-architecture generation.
INFO: [HLS 200-111]  Elapsed time: 0.134 seconds; current allocated memory: 261.497 MB.
Execute       report -o C:/Users/lalat/Documents/IC/Simulador_FPGA_UERJ-master/L-2408/senoHLS/solution1/.autopilot/db/scaled_fixed2ieee.verbose.bind.rpt -verbose -f 
Execute       db_write -o C:/Users/lalat/Documents/IC/Simulador_FPGA_UERJ-master/L-2408/senoHLS/solution1/.autopilot/db/scaled_fixed2ieee.bind.adb -f 
INFO-FLOW: Finish binding scaled_fixed2ieee.
INFO: [HLS 200-10] ----------------------------------------------------------------
INFO: [HLS 200-42] -- Implementing module 'sen' 
INFO: [HLS 200-10] ----------------------------------------------------------------
Execute       set_default_model sen 
Execute       schedule -model sen 
INFO: [SCHED 204-11] Starting scheduling ...
INFO: [SCHED 204-11] Finished scheduling.
Command       schedule done; 0.214 sec.
INFO: [HLS 200-111]  Elapsed time: 0.389 seconds; current allocated memory: 262.287 MB.
Execute       report -o C:/Users/lalat/Documents/IC/Simulador_FPGA_UERJ-master/L-2408/senoHLS/solution1/.autopilot/db/sen.verbose.sched.rpt -verbose -f 
Execute       db_write -o C:/Users/lalat/Documents/IC/Simulador_FPGA_UERJ-master/L-2408/senoHLS/solution1/.autopilot/db/sen.sched.adb -f 
INFO-FLOW: Finish scheduling sen.
Execute       set_default_model sen 
Execute       bind -model sen 
BIND OPTION: fu_weight=[ 0.0 -- 1.0 ]
BIND OPTION: model=sen
BIND OPTION: reg_weight=[ 0.0 -- 1.0 ]
INFO: [BIND 205-100] Starting micro-architecture generation ...
INFO: [BIND 205-101] Performing variable lifetime analysis.
INFO: [BIND 205-101] Exploring resource sharing.
INFO: [BIND 205-101] Binding ...
INFO: [BIND 205-100] Finished micro-architecture generation.
INFO: [HLS 200-111]  Elapsed time: 0.252 seconds; current allocated memory: 262.786 MB.
Execute       report -o C:/Users/lalat/Documents/IC/Simulador_FPGA_UERJ-master/L-2408/senoHLS/solution1/.autopilot/db/sen.verbose.bind.rpt -verbose -f 
Command       report done; 0.208 sec.
Execute       db_write -o C:/Users/lalat/Documents/IC/Simulador_FPGA_UERJ-master/L-2408/senoHLS/solution1/.autopilot/db/sen.bind.adb -f 
INFO-FLOW: Finish binding sen.
Execute       get_model_list sen -filter all-wo-channel 
INFO-FLOW: Preprocessing for RTLGen ...
Execute       rtl_gen_preprocess scaled_fixed2ieee 
Execute       rtl_gen_preprocess sen 
INFO-FLOW: Model list for RTL generation: scaled_fixed2ieee sen
INFO: [HLS 200-10] ----------------------------------------------------------------
INFO: [HLS 200-10] -- Generating RTL for module 'scaled_fixed2ieee' 
INFO: [HLS 200-10] ----------------------------------------------------------------
Execute       get_config_rtl -prefix 
Execute       get_config_rtl -auto_prefix 
Execute       create_rtl_model scaled_fixed2ieee -vendor xilinx -mg_file C:/Users/lalat/Documents/IC/Simulador_FPGA_UERJ-master/L-2408/senoHLS/solution1/.autopilot/db/scaled_fixed2ieee.compgen.tcl 
INFO: [RTGEN 206-100] Finished creating RTL model for 'scaled_fixed2ieee'.
INFO: [HLS 200-111]  Elapsed time: 0.354 seconds; current allocated memory: 263.306 MB.
Execute       source C:/Users/lalat/Documents/IC/Simulador_FPGA_UERJ-master/L-2408/senoHLS/solution1/.autopilot/db/sen.rtl_wrap.cfg.tcl 
Execute       gen_rtl scaled_fixed2ieee -style xilinx -tracefl mytrace -tracefmt vcd -traceopt all -f -lang sc -o C:/Users/lalat/Documents/IC/Simulador_FPGA_UERJ-master/L-2408/senoHLS/solution1/syn/systemc/scaled_fixed2ieee -synmodules scaled_fixed2ieee sen 
Execute       gen_rtl scaled_fixed2ieee -style xilinx -f -lang vhdl -o C:/Users/lalat/Documents/IC/Simulador_FPGA_UERJ-master/L-2408/senoHLS/solution1/syn/vhdl/scaled_fixed2ieee 
Execute       gen_rtl scaled_fixed2ieee -style xilinx -f -lang vlog -o C:/Users/lalat/Documents/IC/Simulador_FPGA_UERJ-master/L-2408/senoHLS/solution1/syn/verilog/scaled_fixed2ieee 
Execute       gen_tb_info scaled_fixed2ieee -o C:/Users/lalat/Documents/IC/Simulador_FPGA_UERJ-master/L-2408/senoHLS/solution1/.autopilot/db/scaled_fixed2ieee -p C:/Users/lalat/Documents/IC/Simulador_FPGA_UERJ-master/L-2408/senoHLS/solution1/.autopilot/db 
Execute       report -model scaled_fixed2ieee -o C:/Users/lalat/Documents/IC/Simulador_FPGA_UERJ-master/L-2408/senoHLS/solution1/syn/report/scaled_fixed2ieee_csynth.rpt -f 
Execute       report -model scaled_fixed2ieee -o C:/Users/lalat/Documents/IC/Simulador_FPGA_UERJ-master/L-2408/senoHLS/solution1/syn/report/scaled_fixed2ieee_csynth.xml -f -x 
Execute       report -model scaled_fixed2ieee -o C:/Users/lalat/Documents/IC/Simulador_FPGA_UERJ-master/L-2408/senoHLS/solution1/.autopilot/db/scaled_fixed2ieee.verbose.rpt -verbose -f 
Execute       db_write -model scaled_fixed2ieee -o C:/Users/lalat/Documents/IC/Simulador_FPGA_UERJ-master/L-2408/senoHLS/solution1/.autopilot/db/scaled_fixed2ieee.adb -f 
INFO: [HLS 200-10] ----------------------------------------------------------------
INFO: [HLS 200-10] -- Generating RTL for module 'sen' 
INFO: [HLS 200-10] ----------------------------------------------------------------
Execute       get_config_rtl -prefix 
Execute       get_config_rtl -auto_prefix 
Execute       create_rtl_model sen -vendor xilinx -mg_file C:/Users/lalat/Documents/IC/Simulador_FPGA_UERJ-master/L-2408/senoHLS/solution1/.autopilot/db/sen.compgen.tcl 
INFO: [RTGEN 206-500] Setting interface mode on port 'sen/Entrada' to 'ap_none'.
INFO: [RTGEN 206-500] Setting interface mode on function 'sen' to 'ap_ctrl_hs'.
INFO: [SYN 201-210] Renamed object name 'sen_ref_4oPi_table_100_V' to 'sen_ref_4oPi_tablbkb' due to the length limit 20
INFO: [SYN 201-210] Renamed object name 'sen_second_order_float_2' to 'sen_second_order_cud' due to the length limit 20
INFO: [SYN 201-210] Renamed object name 'sen_second_order_float_3' to 'sen_second_order_dEe' due to the length limit 20
INFO: [SYN 201-210] Renamed object name 'sen_second_order_float_s' to 'sen_second_order_eOg' due to the length limit 20
INFO: [SYN 201-210] Renamed object name 'sen_mul_80ns_24ns_104_5_1' to 'sen_mul_80ns_24nsfYi' due to the length limit 20
INFO: [SYN 201-210] Renamed object name 'sen_mul_mul_15ns_15ns_30_1_1' to 'sen_mul_mul_15ns_g8j' due to the length limit 20
INFO: [SYN 201-210] Renamed object name 'sen_mul_mul_15ns_15s_30_1_1' to 'sen_mul_mul_15ns_hbi' due to the length limit 20
INFO: [RTGEN 206-100] Generating core module 'sen_mul_80ns_24nsfYi': 1 instance(s).
INFO: [RTGEN 206-100] Generating core module 'sen_mul_mul_15ns_g8j': 1 instance(s).
INFO: [RTGEN 206-100] Generating core module 'sen_mul_mul_15ns_hbi': 1 instance(s).
INFO: [RTGEN 206-100] Generating core module 'sen_mux_164_1_1_1': 2 instance(s).
INFO: [RTGEN 206-100] Generating core module 'sen_mux_83_1_1_1': 1 instance(s).
INFO: [RTGEN 206-100] Finished creating RTL model for 'sen'.
INFO: [HLS 200-111]  Elapsed time: 0.378 seconds; current allocated memory: 264.506 MB.
Execute       source C:/Users/lalat/Documents/IC/Simulador_FPGA_UERJ-master/L-2408/senoHLS/solution1/.autopilot/db/sen.rtl_wrap.cfg.tcl 
Execute       gen_rtl sen -istop -style xilinx -tracefl mytrace -tracefmt vcd -traceopt all -f -lang sc -o C:/Users/lalat/Documents/IC/Simulador_FPGA_UERJ-master/L-2408/senoHLS/solution1/syn/systemc/sen -synmodules scaled_fixed2ieee sen 
Execute       gen_rtl sen -istop -style xilinx -f -lang vhdl -o C:/Users/lalat/Documents/IC/Simulador_FPGA_UERJ-master/L-2408/senoHLS/solution1/syn/vhdl/sen 
Execute       gen_rtl sen -istop -style xilinx -f -lang vlog -o C:/Users/lalat/Documents/IC/Simulador_FPGA_UERJ-master/L-2408/senoHLS/solution1/syn/verilog/sen 
Execute       export_constraint_db -o C:/Users/lalat/Documents/IC/Simulador_FPGA_UERJ-master/L-2408/senoHLS/solution1/.autopilot/db/sen.constraint.tcl -f -tool general 
Execute       report -model sen -o C:/Users/lalat/Documents/IC/Simulador_FPGA_UERJ-master/L-2408/senoHLS/solution1/.autopilot/db/sen.design.xml -verbose -f -dv 
Command       report done; 0.117 sec.
Execute       report -model sen -o C:/Users/lalat/Documents/IC/Simulador_FPGA_UERJ-master/L-2408/senoHLS/solution1/.autopilot/db/sen.sdaccel.xml -verbose -f -sdaccel 
Command       report done; 0.101 sec.
Execute       gen_tb_info sen -o C:/Users/lalat/Documents/IC/Simulador_FPGA_UERJ-master/L-2408/senoHLS/solution1/.autopilot/db/sen -p C:/Users/lalat/Documents/IC/Simulador_FPGA_UERJ-master/L-2408/senoHLS/solution1/.autopilot/db 
Execute       report -model sen -o C:/Users/lalat/Documents/IC/Simulador_FPGA_UERJ-master/L-2408/senoHLS/solution1/syn/report/sen_csynth.rpt -f 
Execute       report -model sen -o C:/Users/lalat/Documents/IC/Simulador_FPGA_UERJ-master/L-2408/senoHLS/solution1/syn/report/sen_csynth.xml -f -x 
Execute       report -model sen -o C:/Users/lalat/Documents/IC/Simulador_FPGA_UERJ-master/L-2408/senoHLS/solution1/.autopilot/db/sen.verbose.rpt -verbose -f 
Command       report done; 0.24 sec.
Execute       db_write -model sen -o C:/Users/lalat/Documents/IC/Simulador_FPGA_UERJ-master/L-2408/senoHLS/solution1/.autopilot/db/sen.adb -f 
Command       db_write done; 0.122 sec.
Execute       sc_get_clocks sen 
Execute       get_config_export -vivado_clock 
Execute       sc_get_portdomain sen 
INFO-FLOW: Model list for RTL component generation: scaled_fixed2ieee sen
INFO-FLOW: Handling components in module [scaled_fixed2ieee] ... 
Execute       source C:/Users/lalat/Documents/IC/Simulador_FPGA_UERJ-master/L-2408/senoHLS/solution1/.autopilot/db/scaled_fixed2ieee.compgen.tcl 
INFO-FLOW: Handling components in module [sen] ... 
Execute       source C:/Users/lalat/Documents/IC/Simulador_FPGA_UERJ-master/L-2408/senoHLS/solution1/.autopilot/db/sen.compgen.tcl 
INFO-FLOW: Found component sen_mul_80ns_24nsfYi.
INFO-FLOW: Append model sen_mul_80ns_24nsfYi
INFO-FLOW: Found component sen_mux_83_1_1_1.
INFO-FLOW: Append model sen_mux_83_1_1_1
INFO-FLOW: Found component sen_mux_164_1_1_1.
INFO-FLOW: Append model sen_mux_164_1_1_1
INFO-FLOW: Found component sen_mux_164_1_1_1.
INFO-FLOW: Append model sen_mux_164_1_1_1
INFO-FLOW: Found component sen_mul_mul_15ns_g8j.
INFO-FLOW: Append model sen_mul_mul_15ns_g8j
INFO-FLOW: Found component sen_mul_mul_15ns_hbi.
INFO-FLOW: Append model sen_mul_mul_15ns_hbi
INFO-FLOW: Found component sen_ref_4oPi_tablbkb.
INFO-FLOW: Append model sen_ref_4oPi_tablbkb
INFO-FLOW: Found component sen_second_order_cud.
INFO-FLOW: Append model sen_second_order_cud
INFO-FLOW: Found component sen_second_order_dEe.
INFO-FLOW: Append model sen_second_order_dEe
INFO-FLOW: Found component sen_second_order_eOg.
INFO-FLOW: Append model sen_second_order_eOg
INFO-FLOW: Append model scaled_fixed2ieee
INFO-FLOW: Append model sen
INFO-FLOW: Generating RTL model list ...
INFO-FLOW: All models in this session: sen_mul_80ns_24nsfYi sen_mux_83_1_1_1 sen_mux_164_1_1_1 sen_mux_164_1_1_1 sen_mul_mul_15ns_g8j sen_mul_mul_15ns_hbi sen_ref_4oPi_tablbkb sen_second_order_cud sen_second_order_dEe sen_second_order_eOg scaled_fixed2ieee sen
INFO-FLOW: To file: write model sen_mul_80ns_24nsfYi
INFO-FLOW: To file: write model sen_mux_83_1_1_1
INFO-FLOW: To file: write model sen_mux_164_1_1_1
INFO-FLOW: To file: write model sen_mux_164_1_1_1
INFO-FLOW: To file: write model sen_mul_mul_15ns_g8j
INFO-FLOW: To file: write model sen_mul_mul_15ns_hbi
INFO-FLOW: To file: write model sen_ref_4oPi_tablbkb
INFO-FLOW: To file: write model sen_second_order_cud
INFO-FLOW: To file: write model sen_second_order_dEe
INFO-FLOW: To file: write model sen_second_order_eOg
INFO-FLOW: To file: write model scaled_fixed2ieee
INFO-FLOW: To file: write model sen
INFO-FLOW: Finished generating RTL model list.


INFO-FLOW: RTL Generation done.
INFO-FLOW: CAS Generation done.
INFO-FLOW: CBC Generation done.
INFO-FLOW: DBG:CMD: auto_generate_csynth_design
INFO-FLOW: DBG:CMD:     auto_generate --sim-model -phase csynth_design -d C:/Users/lalat/Documents/IC/Simulador_FPGA_UERJ-master/L-2408/senoHLS/solution1
Execute       source C:/Users/lalat/Documents/IC/Simulador_FPGA_UERJ-master/L-2408/senoHLS/solution1/.autopilot/db/global.setting.tcl 
INFO-FLOW: DBG:CMD: read_platform_lib C:/Users/lalat/Documents/IC/Simulador_FPGA_UERJ-master/L-2408/senoHLS/solution1/.autopilot/db/global.setting.tcl
Execute       source C:/Xilinx/Vivado/2018.3/common/technology/generic/autopilot/common.gen 
Execute         source C:/Xilinx/Vivado/2018.3/common/technology/generic/autopilot/APCoreGen.gen 
Execute       source C:/Xilinx/Vivado/2018.3/common/technology/generic/autopilot/op.gen 
Execute       source C:/Xilinx/Vivado/2018.3/common/technology/generic/autopilot/op_simcore.gen 
Execute       source C:/Xilinx/Vivado/2018.3/common/technology/generic/autopilot/interface.gen 
Execute       source C:/Users/lalat/Documents/IC/Simulador_FPGA_UERJ-master/L-2408/senoHLS/solution1/.autopilot/db/global.setting.tcl 
Execute       source C:/Xilinx/Vivado/2018.3/common/technology/xilinx/aartix7/aartix7.gen 
Execute         source C:/Xilinx/Vivado/2018.3/common/technology/xilinx/common/virtex.gen 
Execute           source C:/Xilinx/Vivado/2018.3/common/technology/xilinx/common/xilinx.gen 
Execute             source C:/Xilinx/Vivado/2018.3/common/technology/xilinx/interface/plb46.gen 
Execute             source C:/Xilinx/Vivado/2018.3/common/technology/xilinx/interface/fsl.gen 
Execute             source C:/Xilinx/Vivado/2018.3/common/technology/xilinx/interface/axi4.gen 
Execute             source C:/Xilinx/Vivado/2018.3/common/technology/xilinx/interface/nativeAXI4.gen 
Execute               source C:/Xilinx/Vivado/2018.3/common/technology/xilinx/interface/saxilite.gen 
Execute               source C:/Xilinx/Vivado/2018.3/common/technology/xilinx/interface/maxi.gen 
Execute             source C:/Xilinx/Vivado/2018.3/common/technology/xilinx/scripts/xilinxcoregen.gen 
Execute             source C:/Xilinx/Vivado/2018.3/common/technology/xilinx/interface/XilEDKCoreGen.gen 
Execute             source C:/Xilinx/Vivado/2018.3/common/technology/xilinx/ip/dds_compiler.gen 
Execute             source C:/Xilinx/Vivado/2018.3/common/technology/xilinx/ip/util.gen 
Execute             source C:/Xilinx/Vivado/2018.3/common/technology/xilinx/ip/xfft.gen 
Command             ap_source done; 0.126 sec.
Execute             source C:/Xilinx/Vivado/2018.3/common/technology/xilinx/ip/xfir.gen 
Command           ap_source done; 0.187 sec.
Execute           source C:/Xilinx/Vivado/2018.3/common/technology/xilinx/common/dsp48.gen 
Command         ap_source done; 0.191 sec.
Command       ap_source done; 0.191 sec.
Execute       source C:/Xilinx/Vivado/2018.3/common/technology/xilinx/aartix7/aartix7_fpv6.gen 
Execute         source C:/Xilinx/Vivado/2018.3/common/technology/xilinx/common/xilinx_fpv6.gen 
INFO-FLOW: DBG:CMD:   using AESL_AUTOCG::g_clock_period=10.000 (was NA)
INFO-FLOW: DBG:CMD:       generate_ip_cores sim=1 export=0 expOnly=0 dstVlogDir=syn/verilog
Execute       source C:/Users/lalat/Documents/IC/Simulador_FPGA_UERJ-master/L-2408/senoHLS/solution1/.autopilot/db/global.setting.tcl 
Execute       source C:/Users/lalat/Documents/IC/Simulador_FPGA_UERJ-master/L-2408/senoHLS/solution1/.autopilot/db/global.setting.tcl 
Execute       source C:/Users/lalat/Documents/IC/Simulador_FPGA_UERJ-master/L-2408/senoHLS/solution1/.autopilot/db/global.setting.tcl 
Execute       source C:/Users/lalat/Documents/IC/Simulador_FPGA_UERJ-master/L-2408/senoHLS/solution1/.autopilot/db/scaled_fixed2ieee.compgen.tcl 
Execute       source C:/Users/lalat/Documents/IC/Simulador_FPGA_UERJ-master/L-2408/senoHLS/solution1/.autopilot/db/sen.compgen.tcl 
INFO: [RTMG 210-282] Generating pipelined core: 'sen_mul_80ns_24nsfYi_MulnS_0'
INFO: [RTMG 210-279] Implementing memory 'sen_ref_4oPi_tablbkb_rom' using distributed ROMs.
INFO: [RTMG 210-279] Implementing memory 'sen_second_order_cud_rom' using distributed ROMs.
INFO: [RTMG 210-279] Implementing memory 'sen_second_order_dEe_rom' using distributed ROMs.
INFO: [RTMG 210-279] Implementing memory 'sen_second_order_eOg_rom' using distributed ROMs.
Command       ap_source done; 0.422 sec.
INFO-FLOW: DBG:CMD:     auto_generate -export -impltomg_flag -rtl both -tool Vivado -pcore_version 1.00.a -phase csynth_design -d C:/Users/lalat/Documents/IC/Simulador_FPGA_UERJ-master/L-2408/senoHLS/solution1
Execute       source C:/Users/lalat/Documents/IC/Simulador_FPGA_UERJ-master/L-2408/senoHLS/solution1/.autopilot/db/global.setting.tcl 
INFO-FLOW: DBG:CMD: read_platform_lib C:/Users/lalat/Documents/IC/Simulador_FPGA_UERJ-master/L-2408/senoHLS/solution1/.autopilot/db/global.setting.tcl
Execute       source C:/Xilinx/Vivado/2018.3/common/technology/generic/autopilot/common.gen 
Execute         source C:/Xilinx/Vivado/2018.3/common/technology/generic/autopilot/APCoreGen.gen 
Execute       source C:/Xilinx/Vivado/2018.3/common/technology/generic/autopilot/op.gen 
Execute       source C:/Xilinx/Vivado/2018.3/common/technology/generic/autopilot/op_simcore.gen 
Execute       source C:/Xilinx/Vivado/2018.3/common/technology/generic/autopilot/interface.gen 
Execute       source C:/Users/lalat/Documents/IC/Simulador_FPGA_UERJ-master/L-2408/senoHLS/solution1/.autopilot/db/global.setting.tcl 
Execute       source C:/Xilinx/Vivado/2018.3/common/technology/xilinx/aartix7/aartix7.gen 
Execute         source C:/Xilinx/Vivado/2018.3/common/technology/xilinx/common/virtex.gen 
Execute           source C:/Xilinx/Vivado/2018.3/common/technology/xilinx/common/xilinx.gen 
Execute             source C:/Xilinx/Vivado/2018.3/common/technology/xilinx/interface/plb46.gen 
Execute             source C:/Xilinx/Vivado/2018.3/common/technology/xilinx/interface/fsl.gen 
Execute             source C:/Xilinx/Vivado/2018.3/common/technology/xilinx/interface/axi4.gen 
Execute             source C:/Xilinx/Vivado/2018.3/common/technology/xilinx/interface/nativeAXI4.gen 
Execute               source C:/Xilinx/Vivado/2018.3/common/technology/xilinx/interface/saxilite.gen 
Execute               source C:/Xilinx/Vivado/2018.3/common/technology/xilinx/interface/maxi.gen 
Execute             source C:/Xilinx/Vivado/2018.3/common/technology/xilinx/scripts/xilinxcoregen.gen 
Execute             source C:/Xilinx/Vivado/2018.3/common/technology/xilinx/interface/XilEDKCoreGen.gen 
Execute             source C:/Xilinx/Vivado/2018.3/common/technology/xilinx/ip/dds_compiler.gen 
Execute             source C:/Xilinx/Vivado/2018.3/common/technology/xilinx/ip/util.gen 
Execute             source C:/Xilinx/Vivado/2018.3/common/technology/xilinx/ip/xfft.gen 
Command             ap_source done; 0.12 sec.
Execute             source C:/Xilinx/Vivado/2018.3/common/technology/xilinx/ip/xfir.gen 
Command           ap_source done; 0.187 sec.
Execute           source C:/Xilinx/Vivado/2018.3/common/technology/xilinx/common/dsp48.gen 
Command         ap_source done; 0.19 sec.
Command       ap_source done; 0.191 sec.
Execute       source C:/Xilinx/Vivado/2018.3/common/technology/xilinx/aartix7/aartix7_fpv6.gen 
Execute         source C:/Xilinx/Vivado/2018.3/common/technology/xilinx/common/xilinx_fpv6.gen 
INFO-FLOW: DBG:CMD:       initCTypeInfo top_module=sen xml_exists=0
Execute       source C:/Users/lalat/Documents/IC/Simulador_FPGA_UERJ-master/L-2408/senoHLS/solution1/.autopilot/db/sen.rtl_wrap.cfg.tcl 
Execute       source C:/Users/lalat/Documents/IC/Simulador_FPGA_UERJ-master/L-2408/senoHLS/solution1/.autopilot/db/sen.rtl_wrap.cfg.tcl 
Execute       source C:/Users/lalat/Documents/IC/Simulador_FPGA_UERJ-master/L-2408/senoHLS/solution1/.autopilot/db/sen.rtl_wrap.cfg.tcl 
Execute       source C:/Users/lalat/Documents/IC/Simulador_FPGA_UERJ-master/L-2408/senoHLS/solution1/.autopilot/db/sen.tbgen.tcl 
Execute       source C:/Users/lalat/Documents/IC/Simulador_FPGA_UERJ-master/L-2408/senoHLS/solution1/.autopilot/db/sen.tbgen.tcl 
INFO-FLOW: DBG:CMD:       export_impl_rtl
INFO-FLOW: DBG:CMD:       generate_ip_cores sim=0 export=0 expOnly=0 dstVlogDir=impl/.verilog
Execute       source C:/Users/lalat/Documents/IC/Simulador_FPGA_UERJ-master/L-2408/senoHLS/solution1/.autopilot/db/global.setting.tcl 
Execute       source C:/Users/lalat/Documents/IC/Simulador_FPGA_UERJ-master/L-2408/senoHLS/solution1/.autopilot/db/scaled_fixed2ieee.compgen.tcl 
Execute       source C:/Users/lalat/Documents/IC/Simulador_FPGA_UERJ-master/L-2408/senoHLS/solution1/.autopilot/db/sen.compgen.tcl 
INFO-FLOW: DBG:CMD:       generate_ip_cores sim=0 export=1 expOnly=1 dstVlogDir=impl/.pcores/verilog
Execute       source C:/Users/lalat/Documents/IC/Simulador_FPGA_UERJ-master/L-2408/senoHLS/solution1/.autopilot/db/global.setting.tcl 
Execute       source C:/Users/lalat/Documents/IC/Simulador_FPGA_UERJ-master/L-2408/senoHLS/solution1/.autopilot/db/scaled_fixed2ieee.compgen.tcl 
Execute       source C:/Users/lalat/Documents/IC/Simulador_FPGA_UERJ-master/L-2408/senoHLS/solution1/.autopilot/db/sen.compgen.tcl 
INFO-FLOW: DBG:CMD:       generate_ip_cores sim=0 export=0 expOnly=0 dstVlogDir=impl/.pcores/verilog_sim
Execute       source C:/Users/lalat/Documents/IC/Simulador_FPGA_UERJ-master/L-2408/senoHLS/solution1/.autopilot/db/global.setting.tcl 
Execute       source C:/Users/lalat/Documents/IC/Simulador_FPGA_UERJ-master/L-2408/senoHLS/solution1/.autopilot/db/scaled_fixed2ieee.compgen.tcl 
Execute       source C:/Users/lalat/Documents/IC/Simulador_FPGA_UERJ-master/L-2408/senoHLS/solution1/.autopilot/db/sen.compgen.tcl 
Execute       source C:/Users/lalat/Documents/IC/Simulador_FPGA_UERJ-master/L-2408/senoHLS/solution1/.autopilot/db/global.setting.tcl 
Execute       source C:/Users/lalat/Documents/IC/Simulador_FPGA_UERJ-master/L-2408/senoHLS/solution1/.autopilot/db/sen.constraint.tcl 
Execute       source C:/Users/lalat/Documents/IC/Simulador_FPGA_UERJ-master/L-2408/senoHLS/solution1/.autopilot/db/sen.tbgen.tcl 
INFO-FLOW: DBG:CMD:       hasPcoreIpAdapter=false #gSsdmPorts=6
INFO-FLOW: DBG:CMD: Skipping loadAnalyze_DB, #g_database=2
INFO-FLOW: DBG:CMD:       generate_json is_phase_csynth=1 g_has_adaptors=false generate_bd_files=0 #modelList=12 #gSsdmPorts=6
Execute       source C:/Users/lalat/Documents/IC/Simulador_FPGA_UERJ-master/L-2408/senoHLS/solution1/.autopilot/db/global.setting.tcl 
Execute       source C:/Users/lalat/Documents/IC/Simulador_FPGA_UERJ-master/L-2408/senoHLS/solution1/.autopilot/db/global.setting.tcl 
Execute       source C:/Users/lalat/Documents/IC/Simulador_FPGA_UERJ-master/L-2408/senoHLS/solution1/.autopilot/db/sen.tbgen.tcl 
Execute       source C:/Users/lalat/Documents/IC/Simulador_FPGA_UERJ-master/L-2408/senoHLS/solution1/.autopilot/db/sen.tbgen.tcl 
Execute       source C:/Users/lalat/Documents/IC/Simulador_FPGA_UERJ-master/L-2408/senoHLS/solution1/.autopilot/db/global.setting.tcl 
Execute       get_config_sdx -target 
Execute       get_config_export -xo 
Execute       source C:/Users/lalat/Documents/IC/Simulador_FPGA_UERJ-master/L-2408/senoHLS/solution1/.autopilot/db/global.setting.tcl 
Execute       source C:/Users/lalat/Documents/IC/Simulador_FPGA_UERJ-master/L-2408/senoHLS/solution1/.autopilot/db/sen.constraint.tcl 
Execute       sc_get_clocks sen 
Execute       source C:/Users/lalat/Documents/IC/Simulador_FPGA_UERJ-master/L-2408/senoHLS/solution1/.autopilot/db/global.setting.tcl 
Execute       get_config_sdx -target 
Execute       get_config_sdx -profile 
Execute       ::config_rtl 
INFO-FLOW: DBG:CMD: add_json_sdx_info kernel file does not exist: C:/Users/lalat/Documents/IC/Simulador_FPGA_UERJ-master/L-2408/senoHLS/solution1/.autopilot/db/kernel.internal.xml
INFO-FLOW: DBG:CMD:       delete-temp-dirs (skipped for debug)
INFO: [HLS 200-111] Finished generating all RTL models Time (s): cpu = 00:00:07 ; elapsed = 00:00:33 . Memory (MB): peak = 325.293 ; gain = 240.160
INFO: [SYSC 207-301] Generating SystemC RTL for sen.
INFO: [VHDL 208-304] Generating VHDL RTL for sen.
INFO: [VLOG 209-307] Generating Verilog RTL for sen.
Command     autosyn done; 4.35 sec.
Execute     get_part 
Execute     get_config_export -sdx_tcl 
Command   csynth_design done; 31.835 sec.
Command ap_source done; 32.256 sec.
Execute cleanup_all 
